[2022-06-02 10:51:31.734] [info] Loaded model 3DGaitModel2392_scaled from file TestData/gait2392.osim
[2022-06-02 10:51:31.735] [warning] Couldn't find file 'treadmill.vtp'.
[2022-06-02 10:51:31.735] [warning] Couldn't find file 'sacrum.vtp'.
[2022-06-02 10:51:31.735] [warning] Couldn't find file 'pelvis.vtp'.
[2022-06-02 10:51:31.735] [warning] Couldn't find file 'l_pelvis.vtp'.
[2022-06-02 10:51:31.735] [warning] Couldn't find file 'femur_r.vtp'.
[2022-06-02 10:51:31.735] [warning] Couldn't find file 'tibia_r.vtp'.
[2022-06-02 10:51:31.735] [warning] Couldn't find file 'fibula.vtp'.
[2022-06-02 10:51:31.735] [warning] Couldn't find file 'talus.vtp'.
[2022-06-02 10:51:31.736] [warning] Couldn't find file 'foot.vtp'.
[2022-06-02 10:51:31.736] [warning] Couldn't find file 'bofoot.vtp'.
[2022-06-02 10:51:31.736] [warning] Couldn't find file 'femur_l.vtp'.
[2022-06-02 10:51:31.736] [warning] Couldn't find file 'tibia_l.vtp'.
[2022-06-02 10:51:31.736] [warning] Couldn't find file 'l_fibula.vtp'.
[2022-06-02 10:51:31.736] [warning] Couldn't find file 'l_talus.vtp'.
[2022-06-02 10:51:31.736] [warning] Couldn't find file 'l_foot.vtp'.
[2022-06-02 10:51:31.736] [warning] Couldn't find file 'l_bofoot.vtp'.
[2022-06-02 10:51:31.736] [warning] Couldn't find file 'hat_spine.vtp'.
[2022-06-02 10:51:31.736] [warning] Couldn't find file 'hat_jaw.vtp'.
[2022-06-02 10:51:31.736] [warning] Couldn't find file 'hat_skull.vtp'.
[2022-06-02 10:51:31.736] [warning] Couldn't find file 'hat_ribs.vtp'.
[2022-06-02 10:51:57.612] [info] Loaded model 3DGaitModel2392_scaled from file TestData/gait2392.osim
[2022-06-02 10:51:57.612] [warning] Couldn't find file 'treadmill.vtp'.
[2022-06-02 10:51:57.612] [warning] Couldn't find file 'sacrum.vtp'.
[2022-06-02 10:51:57.613] [warning] Couldn't find file 'pelvis.vtp'.
[2022-06-02 10:51:57.613] [warning] Couldn't find file 'l_pelvis.vtp'.
[2022-06-02 10:51:57.613] [warning] Couldn't find file 'femur_r.vtp'.
[2022-06-02 10:51:57.613] [warning] Couldn't find file 'tibia_r.vtp'.
[2022-06-02 10:51:57.613] [warning] Couldn't find file 'fibula.vtp'.
[2022-06-02 10:51:57.613] [warning] Couldn't find file 'talus.vtp'.
[2022-06-02 10:51:57.613] [warning] Couldn't find file 'foot.vtp'.
[2022-06-02 10:51:57.613] [warning] Couldn't find file 'bofoot.vtp'.
[2022-06-02 10:51:57.613] [warning] Couldn't find file 'femur_l.vtp'.
[2022-06-02 10:51:57.613] [warning] Couldn't find file 'tibia_l.vtp'.
[2022-06-02 10:51:57.613] [warning] Couldn't find file 'l_fibula.vtp'.
[2022-06-02 10:51:57.613] [warning] Couldn't find file 'l_talus.vtp'.
[2022-06-02 10:51:57.613] [warning] Couldn't find file 'l_foot.vtp'.
[2022-06-02 10:51:57.613] [warning] Couldn't find file 'l_bofoot.vtp'.
[2022-06-02 10:51:57.613] [warning] Couldn't find file 'hat_spine.vtp'.
[2022-06-02 10:51:57.613] [warning] Couldn't find file 'hat_jaw.vtp'.
[2022-06-02 10:51:57.614] [warning] Couldn't find file 'hat_skull.vtp'.
[2022-06-02 10:51:57.614] [warning] Couldn't find file 'hat_ribs.vtp'.
[2022-06-02 10:52:09.223] [info] Loaded model 3DGaitModel2392_scaled from file TestData/gait2392.osim
[2022-06-02 10:52:09.223] [warning] Couldn't find file 'treadmill.vtp'.
[2022-06-02 10:52:09.223] [warning] Couldn't find file 'sacrum.vtp'.
[2022-06-02 10:52:09.223] [warning] Couldn't find file 'pelvis.vtp'.
[2022-06-02 10:52:09.223] [warning] Couldn't find file 'l_pelvis.vtp'.
[2022-06-02 10:52:09.223] [warning] Couldn't find file 'femur_r.vtp'.
[2022-06-02 10:52:09.223] [warning] Couldn't find file 'tibia_r.vtp'.
[2022-06-02 10:52:09.223] [warning] Couldn't find file 'fibula.vtp'.
[2022-06-02 10:52:09.223] [warning] Couldn't find file 'talus.vtp'.
[2022-06-02 10:52:09.223] [warning] Couldn't find file 'foot.vtp'.
[2022-06-02 10:52:09.224] [warning] Couldn't find file 'bofoot.vtp'.
[2022-06-02 10:52:09.224] [warning] Couldn't find file 'femur_l.vtp'.
[2022-06-02 10:52:09.224] [warning] Couldn't find file 'tibia_l.vtp'.
[2022-06-02 10:52:09.224] [warning] Couldn't find file 'l_fibula.vtp'.
[2022-06-02 10:52:09.224] [warning] Couldn't find file 'l_talus.vtp'.
[2022-06-02 10:52:09.224] [warning] Couldn't find file 'l_foot.vtp'.
[2022-06-02 10:52:09.224] [warning] Couldn't find file 'l_bofoot.vtp'.
[2022-06-02 10:52:09.224] [warning] Couldn't find file 'hat_spine.vtp'.
[2022-06-02 10:52:09.224] [warning] Couldn't find file 'hat_jaw.vtp'.
[2022-06-02 10:52:09.224] [warning] Couldn't find file 'hat_skull.vtp'.
[2022-06-02 10:52:09.224] [warning] Couldn't find file 'hat_ribs.vtp'.
[2022-06-02 10:52:10.936] [info] Loaded model 3DGaitModel2392_scaled from file TestData/gait2392.osim
[2022-06-02 10:52:10.936] [warning] Couldn't find file 'treadmill.vtp'.
[2022-06-02 10:52:10.937] [warning] Couldn't find file 'sacrum.vtp'.
[2022-06-02 10:52:10.937] [warning] Couldn't find file 'pelvis.vtp'.
[2022-06-02 10:52:10.937] [warning] Couldn't find file 'l_pelvis.vtp'.
[2022-06-02 10:52:10.937] [warning] Couldn't find file 'femur_r.vtp'.
[2022-06-02 10:52:10.937] [warning] Couldn't find file 'tibia_r.vtp'.
[2022-06-02 10:52:10.937] [warning] Couldn't find file 'fibula.vtp'.
[2022-06-02 10:52:10.937] [warning] Couldn't find file 'talus.vtp'.
[2022-06-02 10:52:10.937] [warning] Couldn't find file 'foot.vtp'.
[2022-06-02 10:52:10.937] [warning] Couldn't find file 'bofoot.vtp'.
[2022-06-02 10:52:10.937] [warning] Couldn't find file 'femur_l.vtp'.
[2022-06-02 10:52:10.937] [warning] Couldn't find file 'tibia_l.vtp'.
[2022-06-02 10:52:10.937] [warning] Couldn't find file 'l_fibula.vtp'.
[2022-06-02 10:52:10.937] [warning] Couldn't find file 'l_talus.vtp'.
[2022-06-02 10:52:10.937] [warning] Couldn't find file 'l_foot.vtp'.
[2022-06-02 10:52:10.937] [warning] Couldn't find file 'l_bofoot.vtp'.
[2022-06-02 10:52:10.938] [warning] Couldn't find file 'hat_spine.vtp'.
[2022-06-02 10:52:10.938] [warning] Couldn't find file 'hat_jaw.vtp'.
[2022-06-02 10:52:10.938] [warning] Couldn't find file 'hat_skull.vtp'.
[2022-06-02 10:52:10.938] [warning] Couldn't find file 'hat_ribs.vtp'.
